build/outputs/apk/manifest-merger-debug-report.txt
-- Merging decision tree log ---
manifest
ADDED from AndroidManifest.xml:2:1
	package
		ADDED from AndroidManifest.xml:3:7
	android:versionName
		ADDED from AndroidManifest.xml:5:7
	android:versionCode
		ADDED from AndroidManifest.xml:4:7
		INJECTED from AndroidManifest.xml:0:0
		INJECTED from AndroidManifest.xml:0:0
	xmlns:android
		ADDED from AndroidManifest.xml:2:11
uses-sdk
ADDED from AndroidManifest.xml:6:5
MERGED from com.facebook.android:facebook:4.2.0:24:5
MERGED from com.android.support:support-v4:22.1.1:20:5
MERGED from SampleGradle.libraries:LocationGpsTest:unspecified:7:5
	android:targetSdkVersion
		ADDED from AndroidManifest.xml:8:9
	android:minSdkVersion
		ADDED from AndroidManifest.xml:7:9
application
ADDED from AndroidManifest.xml:9:5
MERGED from com.facebook.android:facebook:4.2.0:28:5
MERGED from com.android.support:support-v4:22.1.1:22:5
MERGED from SampleGradle.libraries:LocationGpsTest:unspecified:15:5
	android:label
		ADDED from AndroidManifest.xml:9:18
	android:icon
		ADDED from AndroidManifest.xml:9:51
	android:allowBackup
		ADDED from SampleGradle.libraries:LocationGpsTest:unspecified:16:9
	android:theme
		ADDED from SampleGradle.libraries:LocationGpsTest:unspecified:19:9
activity#com.codebase.MainActivity
ADDED from AndroidManifest.xml:10:9
	android:label
		ADDED from AndroidManifest.xml:11:19
	android:name
		ADDED from AndroidManifest.xml:10:19
intent-filter#android.intent.action.MAIN+android.intent.category.LAUNCHER
ADDED from AndroidManifest.xml:12:13
action#android.intent.action.MAIN
ADDED from AndroidManifest.xml:13:17
	android:name
		ADDED from AndroidManifest.xml:13:25
category#android.intent.category.LAUNCHER
ADDED from AndroidManifest.xml:14:17
	android:name
		ADDED from AndroidManifest.xml:14:27
uses-permission#android.permission.ACCESS_FINE_LOCATION
ADDED from SampleGradle.libraries:LocationGpsTest:unspecified:11:5
	android:name
		ADDED from SampleGradle.libraries:LocationGpsTest:unspecified:11:22
uses-permission#android.permission.ACCESS_COARSE_LOCATION
ADDED from SampleGradle.libraries:LocationGpsTest:unspecified:12:5
	android:name
		ADDED from SampleGradle.libraries:LocationGpsTest:unspecified:12:22
uses-permission#android.permission.INTERNET
ADDED from SampleGradle.libraries:LocationGpsTest:unspecified:13:5
	android:name
		ADDED from SampleGradle.libraries:LocationGpsTest:unspecified:13:22
activity#com.codebase.locationgpstest.MainActivity
ADDED from SampleGradle.libraries:LocationGpsTest:unspecified:20:9
	android:label
		ADDED from SampleGradle.libraries:LocationGpsTest:unspecified:22:13
	android:name
		ADDED from SampleGradle.libraries:LocationGpsTest:unspecified:21:13